c:\users\carlo\source\repos\yimmenu lauchpad\yimmenu lauchpad\x64\release\vc143.pdb
c:\users\carlo\source\repos\yimmenu lauchpad\yimmenu lauchpad\x64\release\updater.obj
c:\users\carlo\source\repos\yimmenu lauchpad\yimmenu lauchpad\x64\release\main.obj
c:\users\carlo\source\repos\yimmenu lauchpad\yimmenu lauchpad\x64\release\imgui_widgets.obj
c:\users\carlo\source\repos\yimmenu lauchpad\yimmenu lauchpad\x64\release\imgui_tables.obj
c:\users\carlo\source\repos\yimmenu lauchpad\yimmenu lauchpad\x64\release\imgui_impl_win32.obj
c:\users\carlo\source\repos\yimmenu lauchpad\yimmenu lauchpad\x64\release\imgui_impl_dx11.obj
c:\users\carlo\source\repos\yimmenu lauchpad\yimmenu lauchpad\x64\release\imgui_draw.obj
c:\users\carlo\source\repos\yimmenu lauchpad\yimmenu lauchpad\x64\release\imgui_demo.obj
c:\users\carlo\source\repos\yimmenu lauchpad\yimmenu lauchpad\x64\release\imgui.obj
c:\users\carlo\source\repos\yimmenu lauchpad\yimmenu lauchpad\x64\release\injector.obj
c:\users\carlo\source\repos\yimmenu lauchpad\x64\release\yimmenu lauchpad.exe
c:\users\carlo\source\repos\yimmenu lauchpad\x64\release\yimmenu lauchpad.pdb
c:\users\carlo\source\repos\yimmenu lauchpad\x64\release\libcurl.dll
c:\users\carlo\source\repos\yimmenu lauchpad\x64\release\zlib1.dll
c:\users\carlo\source\repos\yimmenu lauchpad\yimmenu lauchpad\x64\release\yimmenu lauchpad.ipdb
c:\users\carlo\source\repos\yimmenu lauchpad\yimmenu lauchpad\x64\release\yimmenu lauchpad.iobj
c:\users\carlo\source\repos\yimmenu lauchpad\yimmenu lauchpad\x64\release\yimmenu lauchpad.tlog\cl.command.1.tlog
c:\users\carlo\source\repos\yimmenu lauchpad\yimmenu lauchpad\x64\release\yimmenu lauchpad.tlog\cl.items.tlog
c:\users\carlo\source\repos\yimmenu lauchpad\yimmenu lauchpad\x64\release\yimmenu lauchpad.tlog\cl.read.1.tlog
c:\users\carlo\source\repos\yimmenu lauchpad\yimmenu lauchpad\x64\release\yimmenu lauchpad.tlog\cl.write.1.tlog
c:\users\carlo\source\repos\yimmenu lauchpad\yimmenu lauchpad\x64\release\yimmenu lauchpad.tlog\link.command.1.tlog
c:\users\carlo\source\repos\yimmenu lauchpad\yimmenu lauchpad\x64\release\yimmenu lauchpad.tlog\link.read.1.tlog
c:\users\carlo\source\repos\yimmenu lauchpad\yimmenu lauchpad\x64\release\yimmenu lauchpad.tlog\link.secondary.1.tlog
c:\users\carlo\source\repos\yimmenu lauchpad\yimmenu lauchpad\x64\release\yimmenu lauchpad.tlog\link.write.1.tlog
c:\users\carlo\source\repos\yimmenu lauchpad\yimmenu lauchpad\x64\release\yimmenu lauchpad.tlog\yimmenu lauchpad.write.1u.tlog
